Start testing: Aug 20 20:45 UTC
----------------------------------------------------------
1/1 Testing: deac_tests
1/1 Test: deac_tests
Command: "/mnt/data/deac_work/DEAC/build/deac_tests"
Directory: /mnt/data/deac_work/DEAC/build
"deac_tests" start time: Aug 20 20:45 UTC
Output:
----------------------------------------------------------
DEAC detection/policy/config/graph tests passed
<end of output>
Test time =   0.00 sec
----------------------------------------------------------
Test Passed.
"deac_tests" end time: Aug 20 20:45 UTC
"deac_tests" time elapsed: 00:00:00
----------------------------------------------------------

End testing: Aug 20 20:45 UTC
